Using CATALINA_BASE:   /opt/homebrew/Cellar/tomcat/10.1.19/libexec
Using CATALINA_HOME:   /opt/homebrew/Cellar/tomcat/10.1.19/libexec
Using CATALINA_TMPDIR: /opt/homebrew/Cellar/tomcat/10.1.19/libexec/temp
Using JRE_HOME:        /opt/homebrew/Cellar/openjdk/21.0.2/libexec/openjdk.jdk/Contents/Home
Using CLASSPATH:       /opt/homebrew/Cellar/tomcat/10.1.19/libexec/bin/bootstrap.jar:/opt/homebrew/Cellar/tomcat/10.1.19/libexec/bin/tomcat-juli.jar
Using CATALINA_OPTS:   -Dcatalina.http.port=8089
Tomcat started.
Using CATALINA_BASE:   /opt/homebrew/Cellar/tomcat/10.1.19/libexec
Using CATALINA_HOME:   /opt/homebrew/Cellar/tomcat/10.1.19/libexec
Using CATALINA_TMPDIR: /opt/homebrew/Cellar/tomcat/10.1.19/libexec/temp
Using JRE_HOME:        /opt/homebrew/Cellar/openjdk/21.0.2/libexec/openjdk.jdk/Contents/Home
Using CLASSPATH:       /opt/homebrew/Cellar/tomcat/10.1.19/libexec/bin/bootstrap.jar:/opt/homebrew/Cellar/tomcat/10.1.19/libexec/bin/tomcat-juli.jar
Using CATALINA_OPTS:   -Dcatalina.http.port=8080
Tomcat started.
Using CATALINA_BASE:   /opt/homebrew/Cellar/tomcat/10.1.19/libexec
Using CATALINA_HOME:   /opt/homebrew/Cellar/tomcat/10.1.19/libexec
Using CATALINA_TMPDIR: /opt/homebrew/Cellar/tomcat/10.1.19/libexec/temp
Using JRE_HOME:        /opt/homebrew/Cellar/openjdk/21.0.2/libexec/openjdk.jdk/Contents/Home
Using CLASSPATH:       /opt/homebrew/Cellar/tomcat/10.1.19/libexec/bin/bootstrap.jar:/opt/homebrew/Cellar/tomcat/10.1.19/libexec/bin/tomcat-juli.jar
Using CATALINA_OPTS:   -Dcatalina.http.port=8080
Tomcat started.
Using CATALINA_BASE:   /opt/homebrew/Cellar/tomcat/10.1.19/libexec
Using CATALINA_HOME:   /opt/homebrew/Cellar/tomcat/10.1.19/libexec
Using CATALINA_TMPDIR: /opt/homebrew/Cellar/tomcat/10.1.19/libexec/temp
Using JRE_HOME:        /opt/homebrew/Cellar/openjdk/21.0.2/libexec/openjdk.jdk/Contents/Home
Using CLASSPATH:       /opt/homebrew/Cellar/tomcat/10.1.19/libexec/bin/bootstrap.jar:/opt/homebrew/Cellar/tomcat/10.1.19/libexec/bin/tomcat-juli.jar
Using CATALINA_OPTS:   -Dcatalina.http.port=8080
Tomcat started.
Using CATALINA_BASE:   /opt/homebrew/Cellar/tomcat/10.1.19/libexec
Using CATALINA_HOME:   /opt/homebrew/Cellar/tomcat/10.1.19/libexec
Using CATALINA_TMPDIR: /opt/homebrew/Cellar/tomcat/10.1.19/libexec/temp
Using JRE_HOME:        /opt/homebrew/Cellar/openjdk/21.0.2/libexec/openjdk.jdk/Contents/Home
Using CLASSPATH:       /opt/homebrew/Cellar/tomcat/10.1.19/libexec/bin/bootstrap.jar:/opt/homebrew/Cellar/tomcat/10.1.19/libexec/bin/tomcat-juli.jar
Using CATALINA_OPTS:   -Dcatalina.http.port=8080
Tomcat started.
Using CATALINA_BASE:   /opt/homebrew/Cellar/tomcat/10.1.19/libexec
Using CATALINA_HOME:   /opt/homebrew/Cellar/tomcat/10.1.19/libexec
Using CATALINA_TMPDIR: /opt/homebrew/Cellar/tomcat/10.1.19/libexec/temp
Using JRE_HOME:        /opt/homebrew/Cellar/openjdk/21.0.2/libexec/openjdk.jdk/Contents/Home
Using CLASSPATH:       /opt/homebrew/Cellar/tomcat/10.1.19/libexec/bin/bootstrap.jar:/opt/homebrew/Cellar/tomcat/10.1.19/libexec/bin/tomcat-juli.jar
Using CATALINA_OPTS:   -Dcatalina.http.port=8080
Tomcat started.
Using CATALINA_BASE:   /opt/homebrew/Cellar/tomcat/10.1.19/libexec
Using CATALINA_HOME:   /opt/homebrew/Cellar/tomcat/10.1.19/libexec
Using CATALINA_TMPDIR: /opt/homebrew/Cellar/tomcat/10.1.19/libexec/temp
Using JRE_HOME:        /opt/homebrew/Cellar/openjdk/21.0.2/libexec/openjdk.jdk/Contents/Home
Using CLASSPATH:       /opt/homebrew/Cellar/tomcat/10.1.19/libexec/bin/bootstrap.jar:/opt/homebrew/Cellar/tomcat/10.1.19/libexec/bin/tomcat-juli.jar
Using CATALINA_OPTS:   -Dcatalina.http.port=8080
Tomcat started.
Using CATALINA_BASE:   /opt/homebrew/Cellar/tomcat/10.1.19/libexec
Using CATALINA_HOME:   /opt/homebrew/Cellar/tomcat/10.1.19/libexec
Using CATALINA_TMPDIR: /opt/homebrew/Cellar/tomcat/10.1.19/libexec/temp
Using JRE_HOME:        /opt/homebrew/Cellar/openjdk/21.0.2/libexec/openjdk.jdk/Contents/Home
Using CLASSPATH:       /opt/homebrew/Cellar/tomcat/10.1.19/libexec/bin/bootstrap.jar:/opt/homebrew/Cellar/tomcat/10.1.19/libexec/bin/tomcat-juli.jar
Using CATALINA_OPTS:   -Dcatalina.http.port=8080
Tomcat started.
Using CATALINA_BASE:   /opt/homebrew/Cellar/tomcat/10.1.19/libexec
Using CATALINA_HOME:   /opt/homebrew/Cellar/tomcat/10.1.19/libexec
Using CATALINA_TMPDIR: /opt/homebrew/Cellar/tomcat/10.1.19/libexec/temp
Using JRE_HOME:        /opt/homebrew/Cellar/openjdk/21.0.2/libexec/openjdk.jdk/Contents/Home
Using CLASSPATH:       /opt/homebrew/Cellar/tomcat/10.1.19/libexec/bin/bootstrap.jar:/opt/homebrew/Cellar/tomcat/10.1.19/libexec/bin/tomcat-juli.jar
Using CATALINA_OPTS:   -Dcatalina.http.port=8080
Tomcat started.
Using CATALINA_BASE:   /opt/homebrew/Cellar/tomcat/10.1.19/libexec
Using CATALINA_HOME:   /opt/homebrew/Cellar/tomcat/10.1.19/libexec
Using CATALINA_TMPDIR: /opt/homebrew/Cellar/tomcat/10.1.19/libexec/temp
Using JRE_HOME:        /opt/homebrew/Cellar/openjdk/21.0.2/libexec/openjdk.jdk/Contents/Home
Using CLASSPATH:       /opt/homebrew/Cellar/tomcat/10.1.19/libexec/bin/bootstrap.jar:/opt/homebrew/Cellar/tomcat/10.1.19/libexec/bin/tomcat-juli.jar
Using CATALINA_OPTS:   -Dcatalina.http.port=8080
Tomcat started.
Using CATALINA_BASE:   /opt/homebrew/Cellar/tomcat/10.1.19/libexec
Using CATALINA_HOME:   /opt/homebrew/Cellar/tomcat/10.1.19/libexec
Using CATALINA_TMPDIR: /opt/homebrew/Cellar/tomcat/10.1.19/libexec/temp
Using JRE_HOME:        /opt/homebrew/Cellar/openjdk/21.0.2/libexec/openjdk.jdk/Contents/Home
Using CLASSPATH:       /opt/homebrew/Cellar/tomcat/10.1.19/libexec/bin/bootstrap.jar:/opt/homebrew/Cellar/tomcat/10.1.19/libexec/bin/tomcat-juli.jar
Using CATALINA_OPTS:   -Dcatalina.http.port=8080
Tomcat started.
Using CATALINA_BASE:   /opt/homebrew/Cellar/tomcat/10.1.19/libexec
Using CATALINA_HOME:   /opt/homebrew/Cellar/tomcat/10.1.19/libexec
Using CATALINA_TMPDIR: /opt/homebrew/Cellar/tomcat/10.1.19/libexec/temp
Using JRE_HOME:        /opt/homebrew/Cellar/openjdk/21.0.2/libexec/openjdk.jdk/Contents/Home
Using CLASSPATH:       /opt/homebrew/Cellar/tomcat/10.1.19/libexec/bin/bootstrap.jar:/opt/homebrew/Cellar/tomcat/10.1.19/libexec/bin/tomcat-juli.jar
Using CATALINA_OPTS:   -Dcatalina.http.port=8080
Tomcat started.
Using CATALINA_BASE:   /opt/homebrew/Cellar/tomcat/10.1.19/libexec
Using CATALINA_HOME:   /opt/homebrew/Cellar/tomcat/10.1.19/libexec
Using CATALINA_TMPDIR: /opt/homebrew/Cellar/tomcat/10.1.19/libexec/temp
Using JRE_HOME:        /opt/homebrew/Cellar/openjdk/21.0.2/libexec/openjdk.jdk/Contents/Home
Using CLASSPATH:       /opt/homebrew/Cellar/tomcat/10.1.19/libexec/bin/bootstrap.jar:/opt/homebrew/Cellar/tomcat/10.1.19/libexec/bin/tomcat-juli.jar
Using CATALINA_OPTS:   -Dcatalina.http.port=8080
Tomcat started.
Using CATALINA_BASE:   /opt/homebrew/Cellar/tomcat/10.1.19/libexec
Using CATALINA_HOME:   /opt/homebrew/Cellar/tomcat/10.1.19/libexec
Using CATALINA_TMPDIR: /opt/homebrew/Cellar/tomcat/10.1.19/libexec/temp
Using JRE_HOME:        /opt/homebrew/Cellar/openjdk/21.0.2/libexec/openjdk.jdk/Contents/Home
Using CLASSPATH:       /opt/homebrew/Cellar/tomcat/10.1.19/libexec/bin/bootstrap.jar:/opt/homebrew/Cellar/tomcat/10.1.19/libexec/bin/tomcat-juli.jar
Using CATALINA_OPTS:   -Dcatalina.http.port=8080
Tomcat started.
Using CATALINA_BASE:   /opt/homebrew/Cellar/tomcat/10.1.19/libexec
Using CATALINA_HOME:   /opt/homebrew/Cellar/tomcat/10.1.19/libexec
Using CATALINA_TMPDIR: /opt/homebrew/Cellar/tomcat/10.1.19/libexec/temp
Using JRE_HOME:        /opt/homebrew/Cellar/openjdk/21.0.2/libexec/openjdk.jdk/Contents/Home
Using CLASSPATH:       /opt/homebrew/Cellar/tomcat/10.1.19/libexec/bin/bootstrap.jar:/opt/homebrew/Cellar/tomcat/10.1.19/libexec/bin/tomcat-juli.jar
Using CATALINA_OPTS:   -Dcatalina.http.port=8080
Tomcat started.
Using CATALINA_BASE:   /opt/homebrew/Cellar/tomcat/10.1.19/libexec
Using CATALINA_HOME:   /opt/homebrew/Cellar/tomcat/10.1.19/libexec
Using CATALINA_TMPDIR: /opt/homebrew/Cellar/tomcat/10.1.19/libexec/temp
Using JRE_HOME:        /opt/homebrew/Cellar/openjdk/21.0.2/libexec/openjdk.jdk/Contents/Home
Using CLASSPATH:       /opt/homebrew/Cellar/tomcat/10.1.19/libexec/bin/bootstrap.jar:/opt/homebrew/Cellar/tomcat/10.1.19/libexec/bin/tomcat-juli.jar
Using CATALINA_OPTS:   -Dcatalina.http.port=8080
Tomcat started.
Using CATALINA_BASE:   /opt/homebrew/Cellar/tomcat/10.1.19/libexec
Using CATALINA_HOME:   /opt/homebrew/Cellar/tomcat/10.1.19/libexec
Using CATALINA_TMPDIR: /opt/homebrew/Cellar/tomcat/10.1.19/libexec/temp
Using JRE_HOME:        /opt/homebrew/Cellar/openjdk/21.0.2/libexec/openjdk.jdk/Contents/Home
Using CLASSPATH:       /opt/homebrew/Cellar/tomcat/10.1.19/libexec/bin/bootstrap.jar:/opt/homebrew/Cellar/tomcat/10.1.19/libexec/bin/tomcat-juli.jar
Using CATALINA_OPTS:   -Dcatalina.http.port=8080
Tomcat started.
Using CATALINA_BASE:   /opt/homebrew/Cellar/tomcat/10.1.19/libexec
Using CATALINA_HOME:   /opt/homebrew/Cellar/tomcat/10.1.19/libexec
Using CATALINA_TMPDIR: /opt/homebrew/Cellar/tomcat/10.1.19/libexec/temp
Using JRE_HOME:        /opt/homebrew/Cellar/openjdk/21.0.2/libexec/openjdk.jdk/Contents/Home
Using CLASSPATH:       /opt/homebrew/Cellar/tomcat/10.1.19/libexec/bin/bootstrap.jar:/opt/homebrew/Cellar/tomcat/10.1.19/libexec/bin/tomcat-juli.jar
Using CATALINA_OPTS:   -Dcatalina.http.port=8080
Tomcat started.
Using CATALINA_BASE:   /opt/homebrew/Cellar/tomcat/10.1.19/libexec
Using CATALINA_HOME:   /opt/homebrew/Cellar/tomcat/10.1.19/libexec
Using CATALINA_TMPDIR: /opt/homebrew/Cellar/tomcat/10.1.19/libexec/temp
Using JRE_HOME:        /opt/homebrew/Cellar/openjdk/21.0.2/libexec/openjdk.jdk/Contents/Home
Using CLASSPATH:       /opt/homebrew/Cellar/tomcat/10.1.19/libexec/bin/bootstrap.jar:/opt/homebrew/Cellar/tomcat/10.1.19/libexec/bin/tomcat-juli.jar
Using CATALINA_OPTS:   -Dcatalina.http.port=8080
Tomcat started.
Using CATALINA_BASE:   /opt/homebrew/Cellar/tomcat/10.1.19/libexec
Using CATALINA_HOME:   /opt/homebrew/Cellar/tomcat/10.1.19/libexec
Using CATALINA_TMPDIR: /opt/homebrew/Cellar/tomcat/10.1.19/libexec/temp
Using JRE_HOME:        /opt/homebrew/Cellar/openjdk/21.0.2/libexec/openjdk.jdk/Contents/Home
Using CLASSPATH:       /opt/homebrew/Cellar/tomcat/10.1.19/libexec/bin/bootstrap.jar:/opt/homebrew/Cellar/tomcat/10.1.19/libexec/bin/tomcat-juli.jar
Using CATALINA_OPTS:   -Dcatalina.http.port=8080
Tomcat started.
Using CATALINA_BASE:   /opt/homebrew/Cellar/tomcat/10.1.19/libexec
Using CATALINA_HOME:   /opt/homebrew/Cellar/tomcat/10.1.19/libexec
Using CATALINA_TMPDIR: /opt/homebrew/Cellar/tomcat/10.1.19/libexec/temp
Using JRE_HOME:        /opt/homebrew/Cellar/openjdk/21.0.2/libexec/openjdk.jdk/Contents/Home
Using CLASSPATH:       /opt/homebrew/Cellar/tomcat/10.1.19/libexec/bin/bootstrap.jar:/opt/homebrew/Cellar/tomcat/10.1.19/libexec/bin/tomcat-juli.jar
Using CATALINA_OPTS:   -Dcatalina.http.port=8080
Tomcat started.
Using CATALINA_BASE:   /opt/homebrew/Cellar/tomcat/10.1.19/libexec
Using CATALINA_HOME:   /opt/homebrew/Cellar/tomcat/10.1.19/libexec
Using CATALINA_TMPDIR: /opt/homebrew/Cellar/tomcat/10.1.19/libexec/temp
Using JRE_HOME:        /opt/homebrew/Cellar/openjdk/21.0.2/libexec/openjdk.jdk/Contents/Home
Using CLASSPATH:       /opt/homebrew/Cellar/tomcat/10.1.19/libexec/bin/bootstrap.jar:/opt/homebrew/Cellar/tomcat/10.1.19/libexec/bin/tomcat-juli.jar
Using CATALINA_OPTS:   -Dcatalina.http.port=8080
Tomcat started.
Using CATALINA_BASE:   /opt/homebrew/Cellar/tomcat/10.1.19/libexec
Using CATALINA_HOME:   /opt/homebrew/Cellar/tomcat/10.1.19/libexec
Using CATALINA_TMPDIR: /opt/homebrew/Cellar/tomcat/10.1.19/libexec/temp
Using JRE_HOME:        /opt/homebrew/Cellar/openjdk/21.0.2/libexec/openjdk.jdk/Contents/Home
Using CLASSPATH:       /opt/homebrew/Cellar/tomcat/10.1.19/libexec/bin/bootstrap.jar:/opt/homebrew/Cellar/tomcat/10.1.19/libexec/bin/tomcat-juli.jar
Using CATALINA_OPTS:   -Dcatalina.http.port=8080
Tomcat started.
Using CATALINA_BASE:   /opt/homebrew/Cellar/tomcat/10.1.19/libexec
Using CATALINA_HOME:   /opt/homebrew/Cellar/tomcat/10.1.19/libexec
Using CATALINA_TMPDIR: /opt/homebrew/Cellar/tomcat/10.1.19/libexec/temp
Using JRE_HOME:        /opt/homebrew/Cellar/openjdk/21.0.2/libexec/openjdk.jdk/Contents/Home
Using CLASSPATH:       /opt/homebrew/Cellar/tomcat/10.1.19/libexec/bin/bootstrap.jar:/opt/homebrew/Cellar/tomcat/10.1.19/libexec/bin/tomcat-juli.jar
Using CATALINA_OPTS:   -Dcatalina.http.port=8080
Tomcat started.
Using CATALINA_BASE:   /opt/homebrew/Cellar/tomcat/10.1.19/libexec
Using CATALINA_HOME:   /opt/homebrew/Cellar/tomcat/10.1.19/libexec
Using CATALINA_TMPDIR: /opt/homebrew/Cellar/tomcat/10.1.19/libexec/temp
Using JRE_HOME:        /opt/homebrew/Cellar/openjdk/21.0.2/libexec/openjdk.jdk/Contents/Home
Using CLASSPATH:       /opt/homebrew/Cellar/tomcat/10.1.19/libexec/bin/bootstrap.jar:/opt/homebrew/Cellar/tomcat/10.1.19/libexec/bin/tomcat-juli.jar
Using CATALINA_OPTS:   -Dcatalina.http.port=8080
Tomcat started.
Using CATALINA_BASE:   /opt/homebrew/Cellar/tomcat/10.1.19/libexec
Using CATALINA_HOME:   /opt/homebrew/Cellar/tomcat/10.1.19/libexec
Using CATALINA_TMPDIR: /opt/homebrew/Cellar/tomcat/10.1.19/libexec/temp
Using JRE_HOME:        /opt/homebrew/Cellar/openjdk/21.0.2/libexec/openjdk.jdk/Contents/Home
Using CLASSPATH:       /opt/homebrew/Cellar/tomcat/10.1.19/libexec/bin/bootstrap.jar:/opt/homebrew/Cellar/tomcat/10.1.19/libexec/bin/tomcat-juli.jar
Using CATALINA_OPTS:   -Dcatalina.http.port=8080
Tomcat started.
Using CATALINA_BASE:   /opt/homebrew/Cellar/tomcat/10.1.19/libexec
Using CATALINA_HOME:   /opt/homebrew/Cellar/tomcat/10.1.19/libexec
Using CATALINA_TMPDIR: /opt/homebrew/Cellar/tomcat/10.1.19/libexec/temp
Using JRE_HOME:        /opt/homebrew/Cellar/openjdk/21.0.2/libexec/openjdk.jdk/Contents/Home
Using CLASSPATH:       /opt/homebrew/Cellar/tomcat/10.1.19/libexec/bin/bootstrap.jar:/opt/homebrew/Cellar/tomcat/10.1.19/libexec/bin/tomcat-juli.jar
Using CATALINA_OPTS:   -Dcatalina.http.port=8080
Tomcat started.
Using CATALINA_BASE:   /opt/homebrew/Cellar/tomcat/10.1.19/libexec
Using CATALINA_HOME:   /opt/homebrew/Cellar/tomcat/10.1.19/libexec
Using CATALINA_TMPDIR: /opt/homebrew/Cellar/tomcat/10.1.19/libexec/temp
Using JRE_HOME:        /opt/homebrew/Cellar/openjdk/21.0.2/libexec/openjdk.jdk/Contents/Home
Using CLASSPATH:       /opt/homebrew/Cellar/tomcat/10.1.19/libexec/bin/bootstrap.jar:/opt/homebrew/Cellar/tomcat/10.1.19/libexec/bin/tomcat-juli.jar
Using CATALINA_OPTS:   -Dcatalina.http.port=8080
Tomcat started.
Using CATALINA_BASE:   /opt/homebrew/Cellar/tomcat/10.1.19/libexec
Using CATALINA_HOME:   /opt/homebrew/Cellar/tomcat/10.1.19/libexec
Using CATALINA_TMPDIR: /opt/homebrew/Cellar/tomcat/10.1.19/libexec/temp
Using JRE_HOME:        /opt/homebrew/Cellar/openjdk/21.0.2/libexec/openjdk.jdk/Contents/Home
Using CLASSPATH:       /opt/homebrew/Cellar/tomcat/10.1.19/libexec/bin/bootstrap.jar:/opt/homebrew/Cellar/tomcat/10.1.19/libexec/bin/tomcat-juli.jar
Using CATALINA_OPTS:   -Dcatalina.http.port=8080
Tomcat started.
Using CATALINA_BASE:   /opt/homebrew/Cellar/tomcat/10.1.19/libexec
Using CATALINA_HOME:   /opt/homebrew/Cellar/tomcat/10.1.19/libexec
Using CATALINA_TMPDIR: /opt/homebrew/Cellar/tomcat/10.1.19/libexec/temp
Using JRE_HOME:        /opt/homebrew/Cellar/openjdk/21.0.2/libexec/openjdk.jdk/Contents/Home
Using CLASSPATH:       /opt/homebrew/Cellar/tomcat/10.1.19/libexec/bin/bootstrap.jar:/opt/homebrew/Cellar/tomcat/10.1.19/libexec/bin/tomcat-juli.jar
Using CATALINA_OPTS:   -Dcatalina.http.port=8080
Tomcat started.
Using CATALINA_BASE:   /opt/homebrew/Cellar/tomcat/10.1.19/libexec
Using CATALINA_HOME:   /opt/homebrew/Cellar/tomcat/10.1.19/libexec
Using CATALINA_TMPDIR: /opt/homebrew/Cellar/tomcat/10.1.19/libexec/temp
Using JRE_HOME:        /opt/homebrew/Cellar/openjdk/21.0.2/libexec/openjdk.jdk/Contents/Home
Using CLASSPATH:       /opt/homebrew/Cellar/tomcat/10.1.19/libexec/bin/bootstrap.jar:/opt/homebrew/Cellar/tomcat/10.1.19/libexec/bin/tomcat-juli.jar
Using CATALINA_OPTS:   -Dcatalina.http.port=8080
Tomcat started.
Using CATALINA_BASE:   /opt/homebrew/Cellar/tomcat/10.1.19/libexec
Using CATALINA_HOME:   /opt/homebrew/Cellar/tomcat/10.1.19/libexec
Using CATALINA_TMPDIR: /opt/homebrew/Cellar/tomcat/10.1.19/libexec/temp
Using JRE_HOME:        /opt/homebrew/Cellar/openjdk/21.0.2/libexec/openjdk.jdk/Contents/Home
Using CLASSPATH:       /opt/homebrew/Cellar/tomcat/10.1.19/libexec/bin/bootstrap.jar:/opt/homebrew/Cellar/tomcat/10.1.19/libexec/bin/tomcat-juli.jar
Using CATALINA_OPTS:   -Dcatalina.http.port=8080
Tomcat started.
